0 info it worked if it ends with ok
1 verbose cli [ '/usr/bin/node', '/usr/bin/npm', 'install', 'supervisor', '-g' ]
2 info using npm@3.5.2
3 info using node@v8.10.0
4 silly loadCurrentTree Starting
5 silly install loadCurrentTree
6 silly install readGlobalPackageData
7 silly fetchPackageMetaData supervisor
8 silly fetchNamedPackageData supervisor
9 silly mapToRegistry name supervisor
10 silly mapToRegistry using default registry
11 silly mapToRegistry registry https://registry.npmjs.org/
12 silly mapToRegistry uri https://registry.npmjs.org/supervisor
13 verbose request uri https://registry.npmjs.org/supervisor
14 verbose request no auth needed
15 info attempt registry request try #1 at 12:51:55 PM
16 verbose request id 15013d9155f9be12
17 verbose etag W/"f3b1ca51101c493e12eee7fbbb3d7a64"
18 verbose lastModified Fri, 06 Aug 2021 10:22:52 GMT
19 http request GET https://registry.npmjs.org/supervisor
20 http 304 https://registry.npmjs.org/supervisor
21 verbose headers { date: 'Tue, 04 Jan 2022 12:51:55 GMT',
21 verbose headers   connection: 'keep-alive',
21 verbose headers   'cf-ray': '6c8499de6c680fbd-ICN',
21 verbose headers   'cache-control': 'public, max-age=300',
21 verbose headers   etag: '"f3b1ca51101c493e12eee7fbbb3d7a64"',
21 verbose headers   'last-modified': 'Fri, 06 Aug 2021 10:22:52 GMT',
21 verbose headers   vary: 'Accept-Encoding',
21 verbose headers   'cf-cache-status': 'REVALIDATED',
21 verbose headers   'expect-ct': 'max-age=604800, report-uri="https://report-uri.cloudflare.com/cdn-cgi/beacon/expect-ct"',
21 verbose headers   'x-amz-replication-status': 'COMPLETED',
21 verbose headers   server: 'cloudflare' }
22 silly get cb [ 304,
22 silly get   { date: 'Tue, 04 Jan 2022 12:51:55 GMT',
22 silly get     connection: 'keep-alive',
22 silly get     'cf-ray': '6c8499de6c680fbd-ICN',
22 silly get     'cache-control': 'public, max-age=300',
22 silly get     etag: '"f3b1ca51101c493e12eee7fbbb3d7a64"',
22 silly get     'last-modified': 'Fri, 06 Aug 2021 10:22:52 GMT',
22 silly get     vary: 'Accept-Encoding',
22 silly get     'cf-cache-status': 'REVALIDATED',
22 silly get     'expect-ct': 'max-age=604800, report-uri="https://report-uri.cloudflare.com/cdn-cgi/beacon/expect-ct"',
22 silly get     'x-amz-replication-status': 'COMPLETED',
22 silly get     server: 'cloudflare' } ]
23 verbose etag https://registry.npmjs.org/supervisor from cache
24 verbose get saving supervisor to /home/tnwjd5127/.npm/registry.npmjs.org/supervisor/.cache.json
25 silly install normalizeTree
26 silly loadCurrentTree Finishing
27 silly loadIdealTree Starting
28 silly install loadIdealTree
29 silly cloneCurrentTree Starting
30 silly install cloneCurrentTreeToIdealTree
31 silly cloneCurrentTree Finishing
32 silly loadShrinkwrap Starting
33 silly install loadShrinkwrap
34 silly loadShrinkwrap Finishing
35 silly loadAllDepsIntoIdealTree Starting
36 silly install loadAllDepsIntoIdealTree
37 silly resolveWithNewModule supervisor@0.12.0 checking installable status
38 silly cache add args [ 'supervisor', null ]
39 verbose cache add spec supervisor
40 silly cache add parsed spec Result {
40 silly cache add   raw: 'supervisor',
40 silly cache add   scope: null,
40 silly cache add   name: 'supervisor',
40 silly cache add   rawSpec: '',
40 silly cache add   spec: 'latest',
40 silly cache add   type: 'tag' }
41 silly addNamed supervisor@latest
42 verbose addNamed "latest" is being treated as a dist-tag for supervisor
43 info addNameTag [ 'supervisor', 'latest' ]
44 silly mapToRegistry name supervisor
45 silly mapToRegistry using default registry
46 silly mapToRegistry registry https://registry.npmjs.org/
47 silly mapToRegistry uri https://registry.npmjs.org/supervisor
48 verbose addNameTag registry:https://registry.npmjs.org/supervisor not in flight; fetching
49 verbose get https://registry.npmjs.org/supervisor not expired, no request
50 silly addNameTag next cb for supervisor with tag latest
51 silly addNamed supervisor@0.12.0
52 verbose addNamed "0.12.0" is a plain semver version for supervisor
53 silly cache afterAdd supervisor@0.12.0
54 verbose afterAdd /home/tnwjd5127/.npm/supervisor/0.12.0/package/package.json not in flight; writing
55 verbose afterAdd /home/tnwjd5127/.npm/supervisor/0.12.0/package/package.json written
56 silly loadAllDepsIntoIdealTree Finishing
57 silly idealTree:prePrune lib
57 silly idealTree:prePrune └── supervisor@0.12.0
58 silly loadIdealTree Finishing
59 silly currentTree lib
60 silly idealTree lib
60 silly idealTree └── supervisor@0.12.0
61 silly generateActionsToTake Starting
62 silly install generateActionsToTake
63 warn checkPermissions Missing write access to /usr/local/lib
64 silly rollbackFailedOptional Starting
65 silly rollbackFailedOptional Finishing
66 silly runTopLevelLifecycles Starting
67 silly runTopLevelLifecycles Finishing
68 silly install printInstalled
69 verbose stack Error: EACCES: permission denied, access '/usr/local/lib'
70 verbose cwd /home/tnwjd5127/pet_reservation-1/routes
71 error Linux 5.4.0-1058-gcp
72 error argv "/usr/bin/node" "/usr/bin/npm" "install" "supervisor" "-g"
73 error node v8.10.0
74 error npm  v3.5.2
75 error path /usr/local/lib
76 error code EACCES
77 error errno -13
78 error syscall access
79 error Error: EACCES: permission denied, access '/usr/local/lib'
79 error  { Error: EACCES: permission denied, access '/usr/local/lib'
79 error   errno: -13,
79 error   code: 'EACCES',
79 error   syscall: 'access',
79 error   path: '/usr/local/lib' }
80 error Please try running this command again as root/Administrator.
81 verbose exit [ -13, true ]
